\BOOKMARK [1][-]{section.0.1}{\376\377\000C\001\241\000\040\000s\036\337\000\040\000l\000\375\000\040\000t\000h\000u\000y\036\277\000t}{}% 1
\BOOKMARK [2][-]{subsection.0.1.1}{\376\377\000T\036\325\000n\000g\000\040\000q\000u\000a\000n\000\040\000v\036\301\000\040\000h\036\307\000\040\000t\000h\036\321\000n\000g\000\040\000L\000e\000a\000r\000n\000i\000n\000g\000\040\000M\000a\000n\000a\000g\000e\000m\000e\000n\000t\000\040\000S\000y\000s\000t\000e\000m\000s}{section.0.1}% 2
\BOOKMARK [3][-]{subsubsection.0.1.1.1}{\376\377\000T\000h\036\361\000c\000\040\000t\000r\036\241\000n\000g\000\040\000h\036\307\000\040\000t\000h\036\321\000n\000g\000\040\000L\000M\000S}{subsection.0.1.1}% 3
\BOOKMARK [3][-]{subsubsection.0.1.1.2}{\376\377\000C\000\341\000c\000\040\000h\036\307\000\040\000t\000h\036\321\000n\000g\000\040\000L\000M\000S\000\040\000p\000h\036\325\000\040\000b\000i\036\277\000n}{subsection.0.1.1}% 4
\BOOKMARK [2][-]{subsection.0.1.2}{\376\377\000T\036\241\000i\000\040\000s\000a\000o\000\040\000l\036\241\000i\000\040\000l\000\340\000\040\000C\000a\000n\000v\000a\000s\000\040\000L\000M\000S}{section.0.1}% 5
\BOOKMARK [3][-]{subsubsection.0.1.2.1}{\376\377\001\257\000u\000\040\001\021\000i\036\303\000m\000\040\000c\036\347\000a\000\040\000C\000a\000n\000v\000a\000s\000\040\000L\000M\000S}{subsection.0.1.2}% 6
\BOOKMARK [3][-]{subsubsection.0.1.2.2}{\376\377\000N\000h\001\260\036\343\000c\000\040\001\021\000i\036\303\000m\000\040\000c\036\347\000a\000\040\000C\000a\000n\000v\000a\000s\000\040\000L\000M\000S}{subsection.0.1.2}% 7
\BOOKMARK [3][-]{subsubsection.0.1.2.3}{\376\377\000T\036\241\000i\000\040\000s\000a\000o\000\040\000C\000a\000n\000v\000a\000s\000\040\000L\000M\000S\000\040\000c\000h\001\260\000a\000\040\000t\000h\036\361\000c\000\040\000s\036\361\000\040\000p\000h\000\371\000\040\000h\036\343\000p\000\040\000v\036\333\000i\000\040\000t\000h\036\313\000\040\000t\000r\001\260\036\335\000n\000g\000\040\000V\000i\036\307\000t\000\040\000N\000a\000m}{subsection.0.1.2}% 8
\BOOKMARK [2][-]{subsection.0.1.3}{\376\377\000C\000a\000n\000v\000a\000s\000\040\000L\000M\000S\000:\000\040\000T\000\355\000n\000h\000\040\000n\001\003\000n\000g\000\040\000v\000\340\000\040\000c\000h\036\351\000c\000\040\000n\001\003\000n\000g}{section.0.1}% 9
\BOOKMARK [2][-]{subsection.0.1.4}{\376\377\000T\036\247\000m\000\040\000q\000u\000a\000n\000\040\000t\000r\036\315\000n\000g\000\040\000c\036\347\000a\000\040\000T\000h\000i\036\277\000t\000\040\000k\036\277\000\040\000G\000i\000a\000o\000\040\000d\000i\036\307\000n\000\040\000n\000g\001\260\036\335\000i\000\040\000d\000\371\000n\000g\000\040\000t\000r\000o\000n\000g\000\040\000E\000-\000L\000e\000a\000r\000n\000i\000n\000g}{section.0.1}% 10
\BOOKMARK [2][-]{subsection.0.1.5}{\376\377\000T\000\355\000n\000h\000\040\001\021\036\313\000a\000\040\000p\000h\001\260\001\241\000n\000g\000\040\000v\000\340\000\040\000v\001\003\000n\000\040\000h\000\363\000a\000\040\000t\000r\000o\000n\000g\000\040\000T\000h\000i\036\277\000t\000\040\000k\036\277\000\040\000G\000i\000a\000o\000\040\000d\000i\036\307\000n\000\040\000n\000g\001\260\036\335\000i\000\040\000d\000\371\000n\000g}{section.0.1}% 11
\BOOKMARK [2][-]{subsection.0.1.6}{\376\377\000T\000r\036\243\000i\000\040\000n\000g\000h\000i\036\307\000m\000\040\000n\000g\001\260\036\335\000i\000\040\000d\000\371\000n\000g\000\040\000t\000r\000o\000n\000g\000\040\000C\000\364\000n\000g\000\040\000n\000g\000h\036\307\000\040\000G\000i\000\341\000o\000\040\000d\036\345\000c}{section.0.1}% 12
\BOOKMARK [1][-]{section.0.2}{\376\377\000C\000\364\000n\000g\000\040\000n\000g\000h\036\307}{}% 13
\BOOKMARK [2][-]{subsection.0.2.1}{\376\377\000S\000e\000r\000v\000e\000r\000\040\000s\000i\000d\000e}{section.0.2}% 14
\BOOKMARK [3][-]{subsubsection.0.2.1.1}{\376\377\000M\000\343\000\040\000n\000g\000u\036\323\000n\000\040\000m\036\337\000\040\000C\000a\000n\000v\000a\000s\000\040\000L\000M\000S}{subsection.0.2.1}% 15
\BOOKMARK [3][-]{subsubsection.0.2.1.2}{\376\377\000G\000o\000o\000g\000l\000e\000\040\000C\000l\000o\000u\000d\000\040\000P\000l\000a\000t\000f\000o\000r\000m}{subsection.0.2.1}% 16
\BOOKMARK [3][-]{subsubsection.0.2.1.3}{\376\377\000R\000u\000b\000y}{subsection.0.2.1}% 17
\BOOKMARK [2][-]{subsection.0.2.2}{\376\377\000P\000o\000s\000t\000g\000r\000e\000S\000Q\000L}{section.0.2}% 18
\BOOKMARK [2][-]{subsection.0.2.3}{\376\377\000M\000a\000i\000l\000g\000u\000n}{section.0.2}% 19
\BOOKMARK [2][-]{subsection.0.2.4}{\376\377\000C\000l\000i\000e\000n\000t\000\040\000s\000i\000d\000e}{section.0.2}% 20
\BOOKMARK [2][-]{subsection.0.2.5}{\376\377\000R\000e\000a\000c\000t\000\040\000J\000S}{section.0.2}% 21
\BOOKMARK [2][-]{subsection.0.2.6}{\376\377\000H\000T\000M\000L}{section.0.2}% 22
\BOOKMARK [2][-]{subsection.0.2.7}{\376\377\000C\000S\000S}{section.0.2}% 23
