\BOOKMARK [1][-]{section.0.1}{\376\377\000C\000\340\000i\000\040\001\021\036\267\000t\000\040\000s\000e\000r\000v\000e\000r\000\040\000s\000i\000d\000e\000\040\000o\000p\000e\000n\000\040\000s\000o\000u\000r\000c\000e\000\040\000C\000a\000n\000v\000a\000s\000\040\000L\000M\000S\000\040\000t\000r\000\352\000n\000\040\000G\000o\000o\000g\000l\000e\000\040\000C\000l\000o\000u\000d}{}% 1
\BOOKMARK [2][-]{subsection.0.1.1}{\376\377\000C\000h\000u\036\251\000n\000\040\000b\036\313\000\040\000m\000\364\000i\000\040\000t\000r\001\260\036\335\000n\000g}{section.0.1}% 2
\BOOKMARK [2][-]{subsection.0.1.2}{\376\377\000C\000\340\000i\000\040\001\021\036\267\000t\000\040\000C\000a\000n\000v\000a\000s\000\040\000L\000M\000S}{section.0.1}% 3
\BOOKMARK [1][-]{section.0.2}{\376\377\000X\000\342\000y\000\040\000d\036\361\000n\000g\000\040\000p\000h\036\247\000n\000\040\000g\000i\000a\000o\000\040\000d\000i\036\307\000n\000\040\000c\000h\000o\000\040\000h\036\307\000\040\000t\000h\036\321\000n\000g}{}% 4
\BOOKMARK [2][-]{subsection.0.2.1}{\376\377\000C\000h\000i\000\040\000t\000i\036\277\000t\000\040\000c\000\341\000c\000\040\000c\000h\036\351\000c\000\040\000n\001\003\000n\000g}{section.0.2}% 5
\BOOKMARK [3][-]{subsubsection.0.2.1.1}{\376\377\000X\000\342\000y\000\040\000d\036\361\000n\000g\000\040\000g\000i\000a\000o\000\040\000d\000i\036\307\000n\000\040\000c\000h\000u\000n\000g}{subsection.0.2.1}% 6
\BOOKMARK [3][-]{subsubsection.0.2.1.2}{\376\377\000X\000\342\000y\000\040\000d\036\361\000n\000g\000\040\000g\000i\000a\000o\000\040\000d\000i\036\307\000n\000\040\000c\000h\000o\000\040\000p\000h\036\247\000n\000\040\000q\000u\036\243\000n\000\040\000t\000r\036\313\000\040\000v\000i\000\352\000n}{subsection.0.2.1}% 7
\BOOKMARK [1][-]{section.0.3}{\376\377\000T\000\340\000i\000\040\000l\000i\036\307\000u\000\040\000A\000P\000I}{}% 8
\BOOKMARK [2][-]{subsection.0.3.1}{\376\377\000X\000\341\000c\000\040\000t\000h\036\361\000c\000\040\000v\000\340\000\040\000u\036\367\000\040\000q\000u\000y\036\301\000n}{section.0.3}% 9
\BOOKMARK [2][-]{subsection.0.3.2}{\376\377\000K\000h\000o\000\341\000\040\000h\036\315\000c}{section.0.3}% 10
\BOOKMARK [3][-]{subsubsection.0.3.2.1}{\376\377\000L\036\245\000y\000\040\000d\000a\000n\000h\000\040\000s\000\341\000c\000h\000\040\000k\000h\000o\000\341\000\040\000h\036\315\000c}{subsection.0.3.2}% 11
\BOOKMARK [3][-]{subsubsection.0.3.2.2}{\376\377\000L\036\245\000y\000\040\000d\000a\000n\000h\000\040\000s\000\341\000c\000h\000\040\000k\000h\000o\000\341\000\040\000h\036\315\000c\000\040\000c\000h\000o\000\040\000u\000s\000e\000r}{subsection.0.3.2}% 12
\BOOKMARK [3][-]{subsubsection.0.3.2.3}{\376\377\000T\036\241\000o\000\040\000m\036\333\000i\000\040\000k\000h\000o\000\341\000\040\000h\036\315\000c}{subsection.0.3.2}% 13
\BOOKMARK [3][-]{subsubsection.0.3.2.4}{\376\377\000L\036\245\000y\000\040\000t\000h\000\364\000n\000g\000\040\000t\000i\000n\000\040\000k\000h\000o\000\341\000\040\000h\036\315\000c}{subsection.0.3.2}% 14
\BOOKMARK [3][-]{subsubsection.0.3.2.5}{\376\377\000C\036\255\000p\000\040\000n\000h\036\255\000t\000\040\000t\000h\000\364\000n\000g\000\040\000t\000i\000n\000\040\000k\000h\000o\000\341\000\040\000h\036\315\000c}{subsection.0.3.2}% 15
\BOOKMARK [3][-]{subsubsection.0.3.2.6}{\376\377\000X\000\363\000a\000\040\000k\000h\000o\000\341\000\040\000h\036\315\000c}{subsection.0.3.2}% 16
\BOOKMARK [3][-]{subsubsection.0.3.2.7}{\376\377\000L\036\245\000y\000\040\000d\000a\000n\000h\000\040\000s\000\341\000c\000h\000\040\000t\000h\000\340\000n\000h\000\040\000v\000i\000\352\000n\000\040\000k\000h\000o\000\341\000\040\000h\036\315\000c}{subsection.0.3.2}% 17
\BOOKMARK [3][-]{subsubsection.0.3.2.8}{\376\377\000T\000h\000\352\000m\000\040\000t\000h\000\340\000n\000h\000\040\000v\000i\000\352\000n\000\040\000v\000\340\000o\000\040\000k\000h\000o\000\341\000\040\000h\036\315\000c}{subsection.0.3.2}% 18
\BOOKMARK [3][-]{subsubsection.0.3.2.9}{\376\377\000X\000\363\000a\000\040\000t\000h\000\340\000n\000h\000\040\000v\000i\000\352\000n\000\040\000k\000h\036\317\000i\000\040\000k\000h\000o\000\341\000\040\000h\036\315\000c}{subsection.0.3.2}% 19
\BOOKMARK [3][-]{subsubsection.0.3.2.10}{\376\377\000L\036\245\000y\000\040\000d\000a\000n\000h\000\040\000s\000\341\000c\000h\000\040\000n\000h\000\363\000m\000\040\000b\000\340\000i\000\040\000t\036\255\000p}{subsection.0.3.2}% 20
\BOOKMARK [3][-]{subsubsection.0.3.2.11}{\376\377\000T\036\241\000o\000\040\000m\036\333\000i\000\040\000n\000h\000\363\000m\000\040\000b\000\340\000i\000\040\000t\036\255\000p}{subsection.0.3.2}% 21
\BOOKMARK [3][-]{subsubsection.0.3.2.12}{\376\377\000L\036\245\000y\000\040\000d\000a\000n\000h\000\040\000s\000\341\000c\000h\000\040\000b\000\340\000i\000\040\000t\036\255\000p}{subsection.0.3.2}% 22
\BOOKMARK [3][-]{subsubsection.0.3.2.13}{\376\377\000T\036\241\000o\000\040\000m\036\333\000i\000\040\000b\000\340\000i\000\040\000t\036\255\000p}{subsection.0.3.2}% 23
\BOOKMARK [3][-]{subsubsection.0.3.2.14}{\376\377\000C\000h\036\311\000n\000h\000\040\000s\036\355\000a\000\040\000b\000\340\000i\000\040\000t\036\255\000p}{subsection.0.3.2}% 24
\BOOKMARK [3][-]{subsubsection.0.3.2.15}{\376\377\000X\000\363\000a\000\040\000b\000\340\000i\000\040\000t\036\255\000p}{subsection.0.3.2}% 25
\BOOKMARK [3][-]{subsubsection.0.3.2.16}{\376\377\000T\036\241\000o\000\040\000n\000h\000\363\000m\000\040\000b\000\340\000i\000\040\000t\036\255\000p}{subsection.0.3.2}% 26
\BOOKMARK [3][-]{subsubsection.0.3.2.17}{\376\377\000L\036\245\000y\000\040\000c\000\342\000u\000\040\000h\036\317\000i\000\040\000k\000i\036\303\000m\000\040\000t\000r\000a}{subsection.0.3.2}% 27
\BOOKMARK [3][-]{subsubsection.0.3.2.18}{\376\377\000T\036\241\000o\000\040\000c\000\342\000u\000\040\000h\036\317\000i\000\040\000k\000i\036\303\000m\000\040\000t\000r\000a}{subsection.0.3.2}% 28
\BOOKMARK [3][-]{subsubsection.0.3.2.19}{\376\377\000L\036\245\000y\000\040\000d\000a\000n\000h\000\040\000s\000\341\000c\000h\000\040\000b\000\340\000i\000\040\000k\000i\036\303\000m\000\040\000t\000r\000a}{subsection.0.3.2}% 29
\BOOKMARK [3][-]{subsubsection.0.3.2.20}{\376\377\000T\036\241\000o\000\040\000b\000\340\000i\000\040\000k\000i\036\303\000m\000\040\000t\000r\000a}{subsection.0.3.2}% 30
\BOOKMARK [2][-]{subsection.0.3.3}{\376\377\000L\036\313\000c\000h\000\040\000v\000\340\000\040\000s\036\361\000\040\000k\000i\036\307\000n}{section.0.3}% 31
\BOOKMARK [3][-]{subsubsection.0.3.3.1}{\376\377\000L\036\245\000y\000\040\000d\000a\000n\000h\000\040\000s\000\341\000c\000h\000\040\000l\036\313\000c\000h}{subsection.0.3.3}% 32
\BOOKMARK [3][-]{subsubsection.0.3.3.2}{\376\377\000L\036\245\000y\000\040\000l\036\313\000c\000h\000\040\000t\000h\000e\000o\000\040\000i\000d}{subsection.0.3.3}% 33
\BOOKMARK [3][-]{subsubsection.0.3.3.3}{\376\377\000T\036\241\000o\000\040\000m\036\333\000i\000\040\000l\036\313\000c\000h}{subsection.0.3.3}% 34
\BOOKMARK [3][-]{subsubsection.0.3.3.4}{\376\377\000C\000h\036\311\000n\000h\000\040\000s\036\355\000a\000\040\000l\036\313\000c\000h}{subsection.0.3.3}% 35
\BOOKMARK [3][-]{subsubsection.0.3.3.5}{\376\377\000X\000\363\000a\000\040\000l\036\313\000c\000h}{subsection.0.3.3}% 36
\BOOKMARK [2][-]{subsection.0.3.4}{\376\377\000C\000u\036\331\000c\000\040\000t\000r\000\362\000\040\000c\000h\000u\000y\036\307\000n}{section.0.3}% 37
\BOOKMARK [3][-]{subsubsection.0.3.4.1}{\376\377\000L\036\245\000y\000\040\000d\000a\000n\000h\000\040\000s\000\341\000c\000h\000\040\000c\000u\036\331\000c\000\040\000t\000r\000\362\000\040\000c\000h\000u\000y\036\307\000n}{subsection.0.3.4}% 38
\BOOKMARK [3][-]{subsubsection.0.3.4.2}{\376\377\000L\036\245\000y\000\040\000c\000u\036\331\000c\000\040\000t\000r\000\362\000\040\000c\000h\000u\000y\036\307\000n\000\040\000t\000h\000e\000o\000\040\000i\000d}{subsection.0.3.4}% 39
\BOOKMARK [3][-]{subsubsection.0.3.4.3}{\376\377\000T\036\241\000o\000\040\000m\036\333\000i\000\040\000c\000u\036\331\000c\000\040\000t\000r\000\362\000\040\000c\000h\000u\000y\036\307\000n}{subsection.0.3.4}% 40
\BOOKMARK [3][-]{subsubsection.0.3.4.4}{\376\377\000C\000h\036\311\000n\000h\000\040\000s\036\355\000a\000\040\000c\000u\036\331\000c\000\040\000t\000r\000\362\000\040\000c\000h\000u\000y\036\307\000n}{subsection.0.3.4}% 41
\BOOKMARK [3][-]{subsubsection.0.3.4.5}{\376\377\000X\000\363\000a\000\040\000c\000u\036\331\000c\000\040\000t\000r\000\362\000\040\000c\000h\000u\000y\036\307\000n}{subsection.0.3.4}% 42
\BOOKMARK [2][-]{subsection.0.3.5}{\376\377\000N\000g\001\260\036\335\000i\000\040\000d\000\371\000n\000g}{section.0.3}% 43
\BOOKMARK [3][-]{subsubsection.0.3.5.1}{\376\377\000L\036\245\000y\000\040\000d\000a\000n\000h\000\040\000s\000\341\000c\000h\000\040\000n\000g\001\260\036\335\000i\000\040\000d\000\371\000n\000g}{subsection.0.3.5}% 44
\BOOKMARK [3][-]{subsubsection.0.3.5.2}{\376\377\000L\036\245\000y\000\040\000t\000h\000\364\000n\000g\000\040\000t\000i\000n\000\040\000n\000g\001\260\036\335\000i\000\040\000d\000\371\000n\000g}{subsection.0.3.5}% 45
