\BOOKMARK [0][-]{chapter.1}{\376\377\000T\036\325\000n\000g\000\040\000q\000u\000a\000n}{}% 1
\BOOKMARK [1][-]{section.1.1}{\376\377\001\020\036\267\000t\000\040\000v\036\245\000n\000\040\001\021\036\301}{chapter.1}% 2
\BOOKMARK [1][-]{section.1.2}{\376\377\000M\036\345\000c\000\040\000t\000i\000\352\000u\000\040\000v\000\340\000\040\000p\000h\036\241\000m\000\040\000v\000i}{chapter.1}% 3
\BOOKMARK [1][-]{section.1.3}{\376\377\000P\000h\001\260\001\241\000n\000g\000\040\000p\000h\000\341\000p}{chapter.1}% 4
\BOOKMARK [1][-]{section.1.4}{\376\377\000K\036\277\000t\000\040\000q\000u\036\243\000\040\000d\036\361\000\040\000k\000i\036\277\000n}{chapter.1}% 5
\BOOKMARK [0][-]{chapter.2}{\376\377\000C\001\241\000\040\000s\036\337\000\040\000l\000\375\000\040\000t\000h\000u\000y\036\277\000t}{}% 6
\BOOKMARK [1][-]{section.2.1}{\376\377\000T\036\325\000n\000g\000\040\000q\000u\000a\000n\000\040\000v\036\301\000\040\000h\036\307\000\040\000t\000h\036\321\000n\000g\000\040\000L\000e\000a\000r\000n\000i\000n\000g\000\040\000M\000a\000n\000a\000g\000e\000m\000e\000n\000t\000\040\000S\000y\000s\000t\000e\000m\000s}{chapter.2}% 7
\BOOKMARK [1][-]{section.2.2}{\376\377\000C\000a\000n\000v\000a\000s\000\040\000L\000M\000S\000:\000\040\000T\000\355\000n\000h\000\040\000n\001\003\000n\000g\000\040\000v\000\340\000\040\000c\000h\036\351\000c\000\040\000n\001\003\000n\000g}{chapter.2}% 8
\BOOKMARK [1][-]{section.2.3}{\376\377\000T\036\247\000m\000\040\000q\000u\000a\000n\000\040\000t\000r\036\315\000n\000g\000\040\000c\036\347\000a\000\040\000T\000h\000i\036\277\000t\000\040\000k\036\277\000\040\000G\000i\000a\000o\000\040\000d\000i\036\307\000n\000\040\000n\000g\001\260\036\335\000i\000\040\000d\000\371\000n\000g\000\040\000t\000r\000o\000n\000g\000\040\000E\000-\000L\000e\000a\000r\000n\000i\000n\000g}{chapter.2}% 9
\BOOKMARK [1][-]{section.2.4}{\376\377\000T\000\355\000n\000h\000\040\001\021\036\313\000a\000\040\000p\000h\001\260\001\241\000n\000g\000\040\000v\000\340\000\040\000v\001\003\000n\000\040\000h\000\363\000a\000\040\000t\000r\000o\000n\000g\000\040\000T\000h\000i\036\277\000t\000\040\000k\036\277\000\040\000G\000i\000a\000o\000\040\000d\000i\036\307\000n\000\040\000n\000g\001\260\036\335\000i\000\040\000d\000\371\000n\000g}{chapter.2}% 10
\BOOKMARK [1][-]{section.2.5}{\376\377\000T\000r\036\243\000i\000\040\000n\000g\000h\000i\036\307\000m\000\040\000n\000g\001\260\036\335\000i\000\040\000d\000\371\000n\000g\000\040\000t\000r\000o\000n\000g\000\040\000C\000\364\000n\000g\000\040\000n\000g\000h\036\307\000\040\000G\000i\000\341\000o\000\040\000d\036\345\000c}{chapter.2}% 11
\BOOKMARK [0][-]{chapter.3}{\376\377\000P\000h\001\260\001\241\000n\000g\000\040\000p\000h\000\341\000p\000\040\000n\000g\000h\000i\000\352\000n\000\040\000c\036\351\000u}{}% 12
\BOOKMARK [1][-]{section.3.1}{\376\377\000T\000h\000i\036\277\000t\000\040\000k\036\277\000\040\000n\000g\000h\000i\000\352\000n\000\040\000c\036\351\000u}{chapter.3}% 13
\BOOKMARK [2][-]{subsection.3.1.1}{\376\377\000M\036\345\000c\000\040\000t\000i\000\352\000u\000\040\000n\000g\000h\000i\000\352\000n\000\040\000c\036\351\000u}{section.3.1}% 14
\BOOKMARK [2][-]{subsection.3.1.2}{\376\377\000P\000h\001\260\001\241\000n\000g\000\040\000p\000h\000\341\000p\000\040\000n\000g\000h\000i\000\352\000n\000\040\000c\036\351\000u}{section.3.1}% 15
\BOOKMARK [2][-]{subsection.3.1.3}{\376\377\000P\000h\036\241\000m\000\040\000v\000i\000\040\000n\000g\000h\000i\000\352\000n\000\040\000c\036\351\000u}{section.3.1}% 16
\BOOKMARK [1][-]{section.3.2}{\376\377\000P\000h\001\260\001\241\000n\000g\000\040\000p\000h\000\341\000p\000\040\000t\000h\000u\000\040\000t\000h\036\255\000p\000\040\000d\036\357\000\040\000l\000i\036\307\000u}{chapter.3}% 17
\BOOKMARK [2][-]{subsection.3.2.1}{\376\377\000P\000h\001\260\001\241\000n\000g\000\040\000p\000h\000\341\000p\000\040\000n\000g\000h\000i\000\352\000n\000\040\000c\036\351\000u\000\040\001\021\000\341\000n\000h\000\040\000g\000i\000\341}{section.3.2}% 18
\BOOKMARK [2][-]{subsection.3.2.2}{\376\377\000P\000h\001\260\001\241\000n\000g\000\040\000p\000h\000\341\000p\000\040\000k\000h\036\243\000o\000\040\000s\000\341\000t}{section.3.2}% 19
\BOOKMARK [1][-]{section.3.3}{\376\377\000P\000h\001\260\001\241\000n\000g\000\040\000p\000h\000\341\000p\000\040\000p\000h\000\342\000n\000\040\000t\000\355\000c\000h\000\040\000d\036\357\000\040\000l\000i\036\307\000u}{chapter.3}% 20
\BOOKMARK [2][-]{subsection.3.3.1}{\376\377\000P\000h\000\342\000n\000\040\000t\000\355\000c\000h\000\040\000d\036\357\000\040\000l\000i\036\307\000u\000\040\001\021\036\313\000n\000h\000\040\000l\001\260\036\343\000n\000g}{section.3.3}% 21
\BOOKMARK [2][-]{subsection.3.3.2}{\376\377\000P\000h\000\342\000n\000\040\000t\000\355\000c\000h\000\040\000n\036\331\000i\000\040\000d\000u\000n\000g}{section.3.3}% 22
\BOOKMARK [2][-]{subsection.3.3.3}{\376\377\000P\000h\000\342\000n\000\040\000t\000\355\000c\000h\000\040\000c\000h\036\245\000t\000\040\000l\001\260\036\343\000n\000g\000\040\000d\036\357\000\040\000l\000i\036\307\000u}{section.3.3}% 23
\BOOKMARK [1][-]{section.3.4}{\376\377\000T\000h\000i\036\277\000t\000\040\000k\036\277\000\040\000l\036\245\000y\000\040\000n\000g\001\260\036\335\000i\000\040\000d\000\371\000n\000g\000\040\000l\000\340\000m\000\040\000t\000r\000u\000n\000g\000\040\000t\000\342\000m}{chapter.3}% 24
\BOOKMARK [1][-]{section.3.5}{\376\377\000P\000h\000\341\000t\000\040\000t\000r\000i\036\303\000n\000\040\000n\000g\000u\000y\000\352\000n\000\040\000m\036\253\000u}{chapter.3}% 25
